1595165124008	mozrunner::runner	INFO	Running command: "/usr/bin/firefox" "-marionette" "-foreground" "-no-remote" "-profile" "/tmp/rust_mozprofilejkSpDH"
1595165124477	addons.webextension.screenshots@mozilla.org	WARN	Loading extension 'screenshots@mozilla.org': Reading manifest: Invalid extension permission: mozillaAddons
1595165124477	addons.webextension.screenshots@mozilla.org	WARN	Loading extension 'screenshots@mozilla.org': Reading manifest: Invalid extension permission: telemetry
1595165124478	addons.webextension.screenshots@mozilla.org	WARN	Loading extension 'screenshots@mozilla.org': Reading manifest: Invalid extension permission: resource://pdf.js/
1595165124478	addons.webextension.screenshots@mozilla.org	WARN	Loading extension 'screenshots@mozilla.org': Reading manifest: Invalid extension permission: about:reader*
1595165126133	Marionette	INFO	Listening on port 46473
1595165126217	Marionette	WARN	TLS certificate errors will be ignored for this session
1595165131140	Marionette	INFO	Stopped listening on port 46473
1595173182212	mozrunner::runner	INFO	Running command: "/usr/bin/firefox" "-marionette" "-foreground" "-no-remote" "-profile" "/tmp/rust_mozprofilezSjg3x"
1595173182581	addons.webextension.screenshots@mozilla.org	WARN	Loading extension 'screenshots@mozilla.org': Reading manifest: Invalid extension permission: mozillaAddons
1595173182581	addons.webextension.screenshots@mozilla.org	WARN	Loading extension 'screenshots@mozilla.org': Reading manifest: Invalid extension permission: telemetry
1595173182581	addons.webextension.screenshots@mozilla.org	WARN	Loading extension 'screenshots@mozilla.org': Reading manifest: Invalid extension permission: resource://pdf.js/
1595173182581	addons.webextension.screenshots@mozilla.org	WARN	Loading extension 'screenshots@mozilla.org': Reading manifest: Invalid extension permission: about:reader*
1595173184152	Marionette	INFO	Listening on port 34535
1595173184220	Marionette	WARN	TLS certificate errors will be ignored for this session

###!!! [Parent][MessageChannel] Error: (msgtype=0x1A0011,name=PBackgroundStorage::Msg_Observe) Channel error: cannot send/recv

1595173247053	Marionette	INFO	Stopped listening on port 34535
1595173275017	mozrunner::runner	INFO	Running command: "/usr/bin/firefox" "-marionette" "-foreground" "-no-remote" "-profile" "/tmp/rust_mozprofileFJs2tE"
1595173275427	addons.webextension.screenshots@mozilla.org	WARN	Loading extension 'screenshots@mozilla.org': Reading manifest: Invalid extension permission: mozillaAddons
1595173275427	addons.webextension.screenshots@mozilla.org	WARN	Loading extension 'screenshots@mozilla.org': Reading manifest: Invalid extension permission: telemetry
1595173275427	addons.webextension.screenshots@mozilla.org	WARN	Loading extension 'screenshots@mozilla.org': Reading manifest: Invalid extension permission: resource://pdf.js/
1595173275428	addons.webextension.screenshots@mozilla.org	WARN	Loading extension 'screenshots@mozilla.org': Reading manifest: Invalid extension permission: about:reader*
1595173277192	Marionette	INFO	Listening on port 35897
1595173277230	Marionette	WARN	TLS certificate errors will be ignored for this session
[Parent 60045, Gecko_IOThread] WARNING: pipe error (139): Connection reset by peer: file /build/firefox/src/firefox-70.0.1/ipc/chromium/src/chrome/common/ipc_channel_posix.cc, line 358
[Child 60328, Chrome_ChildThread] WARNING: pipe error (3): Connection reset by peer: file /build/firefox/src/firefox-70.0.1/ipc/chromium/src/chrome/common/ipc_channel_posix.cc, line 358
Exiting due to channel error.
Exiting due to channel error.
Exiting due to channel error.
1595173754939	mozrunner::runner	INFO	Running command: "/usr/bin/firefox" "-marionette" "-foreground" "-no-remote" "-profile" "/tmp/rust_mozprofile9j2iJT"
1595173755308	addons.webextension.screenshots@mozilla.org	WARN	Loading extension 'screenshots@mozilla.org': Reading manifest: Invalid extension permission: mozillaAddons
1595173755308	addons.webextension.screenshots@mozilla.org	WARN	Loading extension 'screenshots@mozilla.org': Reading manifest: Invalid extension permission: telemetry
1595173755308	addons.webextension.screenshots@mozilla.org	WARN	Loading extension 'screenshots@mozilla.org': Reading manifest: Invalid extension permission: resource://pdf.js/
1595173755309	addons.webextension.screenshots@mozilla.org	WARN	Loading extension 'screenshots@mozilla.org': Reading manifest: Invalid extension permission: about:reader*
1595173756848	Marionette	INFO	Listening on port 42167
1595173756946	Marionette	WARN	TLS certificate errors will be ignored for this session
IPDL protocol error: Handler returned error code!

###!!! [Parent][DispatchAsyncMessage] Error: PLayerTransaction::Msg_ReleaseLayer Processing error: message was deserialized, but the handler returned false (indicating failure)

IPDL protocol error: Handler returned error code!

###!!! [Parent][DispatchAsyncMessage] Error: PLayerTransaction::Msg_ReleaseLayer Processing error: message was deserialized, but the handler returned false (indicating failure)

IPDL protocol error: Handler returned error code!

###!!! [Parent][DispatchAsyncMessage] Error: PLayerTransaction::Msg_ReleaseLayer Processing error: message was deserialized, but the handler returned false (indicating failure)

1595173811010	Marionette	INFO	Stopped listening on port 42167
1595174165739	mozrunner::runner	INFO	Running command: "/usr/bin/firefox" "-marionette" "-foreground" "-no-remote" "-profile" "/tmp/rust_mozprofile41ukDC"
1595174166164	addons.webextension.screenshots@mozilla.org	WARN	Loading extension 'screenshots@mozilla.org': Reading manifest: Invalid extension permission: mozillaAddons
1595174166165	addons.webextension.screenshots@mozilla.org	WARN	Loading extension 'screenshots@mozilla.org': Reading manifest: Invalid extension permission: telemetry
1595174166165	addons.webextension.screenshots@mozilla.org	WARN	Loading extension 'screenshots@mozilla.org': Reading manifest: Invalid extension permission: resource://pdf.js/
1595174166165	addons.webextension.screenshots@mozilla.org	WARN	Loading extension 'screenshots@mozilla.org': Reading manifest: Invalid extension permission: about:reader*
1595174168229	Marionette	INFO	Listening on port 45719
1595174168255	Marionette	WARN	TLS certificate errors will be ignored for this session
1595174214487	mozrunner::runner	INFO	Running command: "/usr/bin/firefox" "-marionette" "-foreground" "-no-remote" "-profile" "/tmp/rust_mozprofilesBp613"
1595174214841	addons.webextension.screenshots@mozilla.org	WARN	Loading extension 'screenshots@mozilla.org': Reading manifest: Invalid extension permission: mozillaAddons
1595174214841	addons.webextension.screenshots@mozilla.org	WARN	Loading extension 'screenshots@mozilla.org': Reading manifest: Invalid extension permission: telemetry
1595174214842	addons.webextension.screenshots@mozilla.org	WARN	Loading extension 'screenshots@mozilla.org': Reading manifest: Invalid extension permission: resource://pdf.js/
1595174214842	addons.webextension.screenshots@mozilla.org	WARN	Loading extension 'screenshots@mozilla.org': Reading manifest: Invalid extension permission: about:reader*
1595174216497	Marionette	INFO	Listening on port 35919
1595174216506	Marionette	WARN	TLS certificate errors will be ignored for this session
[Parent 61979, Gecko_IOThread] WARNING: pipe error (78): Connection reset by peer: file /build/firefox/src/firefox-70.0.1/ipc/chromium/src/chrome/common/ipc_channel_posix.cc, line 358
1595174340520	Marionette	INFO	Stopped listening on port 35919
[Parent 61676, Gecko_IOThread] WARNING: pipe error (78): Connection reset by peer: file /build/firefox/src/firefox-70.0.1/ipc/chromium/src/chrome/common/ipc_channel_posix.cc, line 358
1595174343289	Marionette	INFO	Stopped listening on port 45719
1595174354577	mozrunner::runner	INFO	Running command: "/usr/bin/firefox" "-marionette" "-foreground" "-no-remote" "-profile" "/tmp/rust_mozprofilewjuoqp"
1595174354936	addons.webextension.screenshots@mozilla.org	WARN	Loading extension 'screenshots@mozilla.org': Reading manifest: Invalid extension permission: mozillaAddons
1595174354936	addons.webextension.screenshots@mozilla.org	WARN	Loading extension 'screenshots@mozilla.org': Reading manifest: Invalid extension permission: telemetry
1595174354936	addons.webextension.screenshots@mozilla.org	WARN	Loading extension 'screenshots@mozilla.org': Reading manifest: Invalid extension permission: resource://pdf.js/
1595174354936	addons.webextension.screenshots@mozilla.org	WARN	Loading extension 'screenshots@mozilla.org': Reading manifest: Invalid extension permission: about:reader*
1595174356768	Marionette	INFO	Listening on port 41223
1595174356789	Marionette	WARN	TLS certificate errors will be ignored for this session
1595174456991	Marionette	INFO	Stopped listening on port 41223
[Parent 62412, Gecko_IOThread] WARNING: pipe error (67): Connection reset by peer: file /build/firefox/src/firefox-70.0.1/ipc/chromium/src/chrome/common/ipc_channel_posix.cc, line 358
1595174461053	mozrunner::runner	INFO	Running command: "/usr/bin/firefox" "-marionette" "-foreground" "-no-remote" "-profile" "/tmp/rust_mozprofileA8SqnU"
1595174461407	addons.webextension.screenshots@mozilla.org	WARN	Loading extension 'screenshots@mozilla.org': Reading manifest: Invalid extension permission: mozillaAddons
1595174461407	addons.webextension.screenshots@mozilla.org	WARN	Loading extension 'screenshots@mozilla.org': Reading manifest: Invalid extension permission: telemetry
1595174461407	addons.webextension.screenshots@mozilla.org	WARN	Loading extension 'screenshots@mozilla.org': Reading manifest: Invalid extension permission: resource://pdf.js/
1595174461407	addons.webextension.screenshots@mozilla.org	WARN	Loading extension 'screenshots@mozilla.org': Reading manifest: Invalid extension permission: about:reader*
1595174462831	Marionette	INFO	Listening on port 35313
1595174462859	Marionette	WARN	TLS certificate errors will be ignored for this session
Exiting due to channel error.
Exiting due to channel error.
[GFX1-]: Receive IPC close with reason=AbnormalShutdown
[Child 62829, Chrome_ChildThread] WARNING: pipe error (3): Connection reset by peer: file /build/firefox/src/firefox-70.0.1/ipc/chromium/src/chrome/common/ipc_channel_posix.cc, line 358
Exiting due to channel error.
1595229280642	mozrunner::runner	INFO	Running command: "/usr/bin/firefox" "-marionette" "-foreground" "-no-remote" "-profile" "/tmp/rust_mozprofileGUuVsQ"
1595229280976	addons.webextension.screenshots@mozilla.org	WARN	Loading extension 'screenshots@mozilla.org': Reading manifest: Invalid extension permission: mozillaAddons
1595229280976	addons.webextension.screenshots@mozilla.org	WARN	Loading extension 'screenshots@mozilla.org': Reading manifest: Invalid extension permission: telemetry
1595229280976	addons.webextension.screenshots@mozilla.org	WARN	Loading extension 'screenshots@mozilla.org': Reading manifest: Invalid extension permission: resource://pdf.js/
1595229280976	addons.webextension.screenshots@mozilla.org	WARN	Loading extension 'screenshots@mozilla.org': Reading manifest: Invalid extension permission: about:reader*
1595229282368	Marionette	INFO	Listening on port 38205
1595229282450	Marionette	WARN	TLS certificate errors will be ignored for this session
[Parent 217059, Gecko_IOThread] WARNING: pipe error (75): Connection reset by peer: file /build/firefox/src/firefox-70.0.1/ipc/chromium/src/chrome/common/ipc_channel_posix.cc, line 358
1595229407597	Marionette	INFO	Stopped listening on port 38205
1595230208565	mozrunner::runner	INFO	Running command: "/usr/bin/firefox" "-marionette" "-foreground" "-no-remote" "-profile" "/tmp/rust_mozprofile9Tg1BO"
1595230208880	addons.webextension.screenshots@mozilla.org	WARN	Loading extension 'screenshots@mozilla.org': Reading manifest: Invalid extension permission: mozillaAddons
1595230208880	addons.webextension.screenshots@mozilla.org	WARN	Loading extension 'screenshots@mozilla.org': Reading manifest: Invalid extension permission: telemetry
1595230208881	addons.webextension.screenshots@mozilla.org	WARN	Loading extension 'screenshots@mozilla.org': Reading manifest: Invalid extension permission: resource://pdf.js/
1595230208881	addons.webextension.screenshots@mozilla.org	WARN	Loading extension 'screenshots@mozilla.org': Reading manifest: Invalid extension permission: about:reader*
1595230210366	Marionette	INFO	Listening on port 43565
1595230210378	Marionette	WARN	TLS certificate errors will be ignored for this session
[Parent 223981, Gecko_IOThread] WARNING: pipe error (78): Connection reset by peer: file /build/firefox/src/firefox-70.0.1/ipc/chromium/src/chrome/common/ipc_channel_posix.cc, line 358
[Child 224069, Chrome_ChildThread] WARNING: pipe error: Broken pipe: file /build/firefox/src/firefox-70.0.1/ipc/chromium/src/chrome/common/ipc_channel_posix.cc, line 728
[Child 224069, Chrome_ChildThread] WARNING: pipe error: Broken pipe: file /build/firefox/src/firefox-70.0.1/ipc/chromium/src/chrome/common/ipc_channel_posix.cc, line 728
1595230324551	Marionette	INFO	Stopped listening on port 43565
1595230854043	mozrunner::runner	INFO	Running command: "/usr/bin/firefox" "-marionette" "-foreground" "-no-remote" "-profile" "/tmp/rust_mozprofileSwcVWe"
1595230854327	addons.webextension.screenshots@mozilla.org	WARN	Loading extension 'screenshots@mozilla.org': Reading manifest: Invalid extension permission: mozillaAddons
1595230854327	addons.webextension.screenshots@mozilla.org	WARN	Loading extension 'screenshots@mozilla.org': Reading manifest: Invalid extension permission: telemetry
1595230854327	addons.webextension.screenshots@mozilla.org	WARN	Loading extension 'screenshots@mozilla.org': Reading manifest: Invalid extension permission: resource://pdf.js/
1595230854327	addons.webextension.screenshots@mozilla.org	WARN	Loading extension 'screenshots@mozilla.org': Reading manifest: Invalid extension permission: about:reader*
1595230855654	Marionette	INFO	Listening on port 35245
1595230855753	Marionette	WARN	TLS certificate errors will be ignored for this session
SourceActor threw an exception: [Exception... "Failed to open input source 'file:///'"  nsresult: "0x80520015 (NS_ERROR_FILE_ACCESS_DENIED)"  location: "JS frame :: resource://devtools/shared/DevToolsUtils.js :: mainThreadFetch/< :: line 678"  data: yes]
Stack: mainThreadFetch/<@resource://devtools/shared/DevToolsUtils.js:678:15
mainThreadFetch@resource://devtools/shared/DevToolsUtils.js:530:10
_fetchURLContents@resource://devtools/server/actors/utils/TabSources.js:580:22
urlContents@resource://devtools/server/actors/utils/TabSources.js:547:17
_resurrectSource@resource://devtools/server/actors/thread.js:2033:69
addAllSources@resource://devtools/server/actors/thread.js:1334:14
onSources@resource://devtools/server/actors/thread.js:1340:10
onPacket@resource://devtools/server/debugger-server-connection.js:378:58
receiveMessage@resource://devtools/shared/transport/child-transport.js:66:16
Line: 678, column: 0
console.error: ({})
JavaScript error: resource://devtools/shared/DevToolsUtils.js, line 678: NS_ERROR_FILE_ACCESS_DENIED: Failed to open input source 'file:///'
console.error: (new TypeError("container.node.targetFront is null", "resource://devtools/client/inspector/markup/markup.js", 2205))
console.error: (new TypeError("container.node.targetFront is null", "resource://devtools/client/inspector/markup/markup.js", 2205))
console.error: (new TypeError("container.node.targetFront is null", "resource://devtools/client/inspector/markup/markup.js", 2205))
console.error: (new TypeError("container.node.targetFront is null", "resource://devtools/client/inspector/markup/markup.js", 2205))
console.error: (new TypeError("container.node.targetFront is null", "resource://devtools/client/inspector/markup/markup.js", 2205))
[Parent 228348, Gecko_IOThread] WARNING: pipe error (75): Connection reset by peer: file /build/firefox/src/firefox-70.0.1/ipc/chromium/src/chrome/common/ipc_channel_posix.cc, line 358
[Parent 228348, Gecko_IOThread] WARNING: pipe error (83): Connection reset by peer: file /build/firefox/src/firefox-70.0.1/ipc/chromium/src/chrome/common/ipc_channel_posix.cc, line 358
[Parent 228348, Gecko_IOThread] WARNING: pipe error (135): Connection reset by peer: file /build/firefox/src/firefox-70.0.1/ipc/chromium/src/chrome/common/ipc_channel_posix.cc, line 358
1595231376766	Marionette	INFO	Stopped listening on port 35245
1595231382731	mozrunner::runner	INFO	Running command: "/usr/bin/firefox" "-marionette" "-foreground" "-no-remote" "-profile" "/tmp/rust_mozprofilewuz1uJ"
1595231383027	addons.webextension.screenshots@mozilla.org	WARN	Loading extension 'screenshots@mozilla.org': Reading manifest: Invalid extension permission: mozillaAddons
1595231383027	addons.webextension.screenshots@mozilla.org	WARN	Loading extension 'screenshots@mozilla.org': Reading manifest: Invalid extension permission: telemetry
1595231383028	addons.webextension.screenshots@mozilla.org	WARN	Loading extension 'screenshots@mozilla.org': Reading manifest: Invalid extension permission: resource://pdf.js/
1595231383028	addons.webextension.screenshots@mozilla.org	WARN	Loading extension 'screenshots@mozilla.org': Reading manifest: Invalid extension permission: about:reader*
1595231384351	Marionette	INFO	Listening on port 41409
1595231384450	Marionette	WARN	TLS certificate errors will be ignored for this session
1595231485558	Marionette	INFO	Stopped listening on port 41409
[Parent 232130, Gecko_IOThread] WARNING: pipe error (78): Connection reset by peer: file /build/firefox/src/firefox-70.0.1/ipc/chromium/src/chrome/common/ipc_channel_posix.cc, line 358
1595231489246	mozrunner::runner	INFO	Running command: "/usr/bin/firefox" "-marionette" "-foreground" "-no-remote" "-profile" "/tmp/rust_mozprofileUd0hNu"
1595231489542	addons.webextension.screenshots@mozilla.org	WARN	Loading extension 'screenshots@mozilla.org': Reading manifest: Invalid extension permission: mozillaAddons
1595231489542	addons.webextension.screenshots@mozilla.org	WARN	Loading extension 'screenshots@mozilla.org': Reading manifest: Invalid extension permission: telemetry
1595231489542	addons.webextension.screenshots@mozilla.org	WARN	Loading extension 'screenshots@mozilla.org': Reading manifest: Invalid extension permission: resource://pdf.js/
1595231489542	addons.webextension.screenshots@mozilla.org	WARN	Loading extension 'screenshots@mozilla.org': Reading manifest: Invalid extension permission: about:reader*
1595231490998	Marionette	INFO	Listening on port 41083
1595231491057	Marionette	WARN	TLS certificate errors will be ignored for this session
1595231591133	Marionette	INFO	Stopped listening on port 41083
[Parent 232897, Gecko_IOThread] WARNING: pipe error (78): Connection reset by peer: file /build/firefox/src/firefox-70.0.1/ipc/chromium/src/chrome/common/ipc_channel_posix.cc, line 358
[Parent 232897, Gecko_IOThread] WARNING: pipe error (90): Connection reset by peer: file /build/firefox/src/firefox-70.0.1/ipc/chromium/src/chrome/common/ipc_channel_posix.cc, line 358
1595231593434	mozrunner::runner	INFO	Running command: "/usr/bin/firefox" "-marionette" "-foreground" "-no-remote" "-profile" "/tmp/rust_mozprofilepK69mR"
1595231593722	addons.webextension.screenshots@mozilla.org	WARN	Loading extension 'screenshots@mozilla.org': Reading manifest: Invalid extension permission: mozillaAddons
1595231593722	addons.webextension.screenshots@mozilla.org	WARN	Loading extension 'screenshots@mozilla.org': Reading manifest: Invalid extension permission: telemetry
1595231593722	addons.webextension.screenshots@mozilla.org	WARN	Loading extension 'screenshots@mozilla.org': Reading manifest: Invalid extension permission: resource://pdf.js/
1595231593723	addons.webextension.screenshots@mozilla.org	WARN	Loading extension 'screenshots@mozilla.org': Reading manifest: Invalid extension permission: about:reader*
1595231595030	Marionette	INFO	Listening on port 41569
1595231595051	Marionette	WARN	TLS certificate errors will be ignored for this session
1595231695494	Marionette	INFO	Stopped listening on port 41569
[Parent 233706, Gecko_IOThread] WARNING: pipe error (78): Connection reset by peer: file /build/firefox/src/firefox-70.0.1/ipc/chromium/src/chrome/common/ipc_channel_posix.cc, line 358
1595231698573	mozrunner::runner	INFO	Running command: "/usr/bin/firefox" "-marionette" "-foreground" "-no-remote" "-profile" "/tmp/rust_mozprofileQYb7jO"
1595231698857	addons.webextension.screenshots@mozilla.org	WARN	Loading extension 'screenshots@mozilla.org': Reading manifest: Invalid extension permission: mozillaAddons
1595231698857	addons.webextension.screenshots@mozilla.org	WARN	Loading extension 'screenshots@mozilla.org': Reading manifest: Invalid extension permission: telemetry
1595231698858	addons.webextension.screenshots@mozilla.org	WARN	Loading extension 'screenshots@mozilla.org': Reading manifest: Invalid extension permission: resource://pdf.js/
1595231698858	addons.webextension.screenshots@mozilla.org	WARN	Loading extension 'screenshots@mozilla.org': Reading manifest: Invalid extension permission: about:reader*
1595231700375	Marionette	INFO	Listening on port 36417
1595231700384	Marionette	WARN	TLS certificate errors will be ignored for this session
1595231800606	Marionette	INFO	Stopped listening on port 36417
[Parent 234528, Gecko_IOThread] WARNING: pipe error (52): Connection reset by peer: file /build/firefox/src/firefox-70.0.1/ipc/chromium/src/chrome/common/ipc_channel_posix.cc, line 358
1595231801921	mozrunner::runner	INFO	Running command: "/usr/bin/firefox" "-marionette" "-foreground" "-no-remote" "-profile" "/tmp/rust_mozprofilePGu9fY"
1595231802224	addons.webextension.screenshots@mozilla.org	WARN	Loading extension 'screenshots@mozilla.org': Reading manifest: Invalid extension permission: mozillaAddons
1595231802224	addons.webextension.screenshots@mozilla.org	WARN	Loading extension 'screenshots@mozilla.org': Reading manifest: Invalid extension permission: telemetry
1595231802225	addons.webextension.screenshots@mozilla.org	WARN	Loading extension 'screenshots@mozilla.org': Reading manifest: Invalid extension permission: resource://pdf.js/
1595231802225	addons.webextension.screenshots@mozilla.org	WARN	Loading extension 'screenshots@mozilla.org': Reading manifest: Invalid extension permission: about:reader*
1595231803534	Marionette	INFO	Listening on port 37857
1595231803634	Marionette	WARN	TLS certificate errors will be ignored for this session
1595231904555	Marionette	INFO	Stopped listening on port 37857
[Parent 235601, Gecko_IOThread] WARNING: pipe error (92): Connection reset by peer: file /build/firefox/src/firefox-70.0.1/ipc/chromium/src/chrome/common/ipc_channel_posix.cc, line 358
[Parent 235601, Gecko_IOThread] WARNING: pipe error (134): Connection reset by peer: file /build/firefox/src/firefox-70.0.1/ipc/chromium/src/chrome/common/ipc_channel_posix.cc, line 358
1595231908452	mozrunner::runner	INFO	Running command: "/usr/bin/firefox" "-marionette" "-foreground" "-no-remote" "-profile" "/tmp/rust_mozprofileqyH87d"
1595231908833	addons.webextension.screenshots@mozilla.org	WARN	Loading extension 'screenshots@mozilla.org': Reading manifest: Invalid extension permission: mozillaAddons
1595231908833	addons.webextension.screenshots@mozilla.org	WARN	Loading extension 'screenshots@mozilla.org': Reading manifest: Invalid extension permission: telemetry
1595231908833	addons.webextension.screenshots@mozilla.org	WARN	Loading extension 'screenshots@mozilla.org': Reading manifest: Invalid extension permission: resource://pdf.js/
1595231908833	addons.webextension.screenshots@mozilla.org	WARN	Loading extension 'screenshots@mozilla.org': Reading manifest: Invalid extension permission: about:reader*
1595231910167	Marionette	INFO	Listening on port 38353
1595231910262	Marionette	WARN	TLS certificate errors will be ignored for this session
1595232011530	Marionette	INFO	Stopped listening on port 38353
[Parent 236409, Gecko_IOThread] WARNING: pipe error (78): Connection reset by peer: file /build/firefox/src/firefox-70.0.1/ipc/chromium/src/chrome/common/ipc_channel_posix.cc, line 358
1595232015723	mozrunner::runner	INFO	Running command: "/usr/bin/firefox" "-marionette" "-foreground" "-no-remote" "-profile" "/tmp/rust_mozprofilemW21dz"
1595232016015	addons.webextension.screenshots@mozilla.org	WARN	Loading extension 'screenshots@mozilla.org': Reading manifest: Invalid extension permission: mozillaAddons
1595232016015	addons.webextension.screenshots@mozilla.org	WARN	Loading extension 'screenshots@mozilla.org': Reading manifest: Invalid extension permission: telemetry
1595232016015	addons.webextension.screenshots@mozilla.org	WARN	Loading extension 'screenshots@mozilla.org': Reading manifest: Invalid extension permission: resource://pdf.js/
1595232016015	addons.webextension.screenshots@mozilla.org	WARN	Loading extension 'screenshots@mozilla.org': Reading manifest: Invalid extension permission: about:reader*
1595232017278	Marionette	INFO	Listening on port 39953
1595232017337	Marionette	WARN	TLS certificate errors will be ignored for this session
1595232117434	Marionette	INFO	Stopped listening on port 39953
[Parent 237205, Gecko_IOThread] WARNING: pipe error (78): Connection reset by peer: file /build/firefox/src/firefox-70.0.1/ipc/chromium/src/chrome/common/ipc_channel_posix.cc, line 358
[Parent 237205, Gecko_IOThread] WARNING: pipe error (75): Connection reset by peer: file /build/firefox/src/firefox-70.0.1/ipc/chromium/src/chrome/common/ipc_channel_posix.cc, line 358
1595232120058	mozrunner::runner	INFO	Running command: "/usr/bin/firefox" "-marionette" "-foreground" "-no-remote" "-profile" "/tmp/rust_mozprofileDtxUm8"
1595232120364	addons.webextension.screenshots@mozilla.org	WARN	Loading extension 'screenshots@mozilla.org': Reading manifest: Invalid extension permission: mozillaAddons
1595232120364	addons.webextension.screenshots@mozilla.org	WARN	Loading extension 'screenshots@mozilla.org': Reading manifest: Invalid extension permission: telemetry
1595232120364	addons.webextension.screenshots@mozilla.org	WARN	Loading extension 'screenshots@mozilla.org': Reading manifest: Invalid extension permission: resource://pdf.js/
1595232120364	addons.webextension.screenshots@mozilla.org	WARN	Loading extension 'screenshots@mozilla.org': Reading manifest: Invalid extension permission: about:reader*
1595232121734	Marionette	INFO	Listening on port 44641
1595232121769	Marionette	WARN	TLS certificate errors will be ignored for this session
1595232222259	Marionette	INFO	Stopped listening on port 44641

###!!! [Child][RunMessage] Error: Channel closing: too late to send/recv, messages will be lost

[Parent 238154, Gecko_IOThread] WARNING: pipe error (86): Connection reset by peer: file /build/firefox/src/firefox-70.0.1/ipc/chromium/src/chrome/common/ipc_channel_posix.cc, line 358
1595232224843	mozrunner::runner	INFO	Running command: "/usr/bin/firefox" "-marionette" "-foreground" "-no-remote" "-profile" "/tmp/rust_mozprofileU07FUA"
1595232225198	addons.webextension.screenshots@mozilla.org	WARN	Loading extension 'screenshots@mozilla.org': Reading manifest: Invalid extension permission: mozillaAddons
1595232225198	addons.webextension.screenshots@mozilla.org	WARN	Loading extension 'screenshots@mozilla.org': Reading manifest: Invalid extension permission: telemetry
1595232225198	addons.webextension.screenshots@mozilla.org	WARN	Loading extension 'screenshots@mozilla.org': Reading manifest: Invalid extension permission: resource://pdf.js/
1595232225198	addons.webextension.screenshots@mozilla.org	WARN	Loading extension 'screenshots@mozilla.org': Reading manifest: Invalid extension permission: about:reader*
1595232226904	Marionette	INFO	Listening on port 34675
1595232226956	Marionette	WARN	TLS certificate errors will be ignored for this session
1595232327932	Marionette	INFO	Stopped listening on port 34675
[Parent 239281, Gecko_IOThread] WARNING: pipe error (78): Connection reset by peer: file /build/firefox/src/firefox-70.0.1/ipc/chromium/src/chrome/common/ipc_channel_posix.cc, line 358

###!!! [Child][RunMessage] Error: Channel closing: too late to send/recv, messages will be lost

1595232330265	mozrunner::runner	INFO	Running command: "/usr/bin/firefox" "-marionette" "-foreground" "-no-remote" "-profile" "/tmp/rust_mozprofilet1F062"
1595232330582	addons.webextension.screenshots@mozilla.org	WARN	Loading extension 'screenshots@mozilla.org': Reading manifest: Invalid extension permission: mozillaAddons
1595232330582	addons.webextension.screenshots@mozilla.org	WARN	Loading extension 'screenshots@mozilla.org': Reading manifest: Invalid extension permission: telemetry
1595232330582	addons.webextension.screenshots@mozilla.org	WARN	Loading extension 'screenshots@mozilla.org': Reading manifest: Invalid extension permission: resource://pdf.js/
1595232330582	addons.webextension.screenshots@mozilla.org	WARN	Loading extension 'screenshots@mozilla.org': Reading manifest: Invalid extension permission: about:reader*
1595232332056	Marionette	INFO	Listening on port 36591
1595232332116	Marionette	WARN	TLS certificate errors will be ignored for this session
1595232432820	Marionette	INFO	Stopped listening on port 36591
[Parent 240115, Gecko_IOThread] WARNING: pipe error (92): Connection reset by peer: file /build/firefox/src/firefox-70.0.1/ipc/chromium/src/chrome/common/ipc_channel_posix.cc, line 358
[Parent 240115, Gecko_IOThread] WARNING: pipe error (132): Connection reset by peer: file /build/firefox/src/firefox-70.0.1/ipc/chromium/src/chrome/common/ipc_channel_posix.cc, line 358
1595232435414	mozrunner::runner	INFO	Running command: "/usr/bin/firefox" "-marionette" "-foreground" "-no-remote" "-profile" "/tmp/rust_mozprofileg5HmnR"
1595232435742	addons.webextension.screenshots@mozilla.org	WARN	Loading extension 'screenshots@mozilla.org': Reading manifest: Invalid extension permission: mozillaAddons
1595232435742	addons.webextension.screenshots@mozilla.org	WARN	Loading extension 'screenshots@mozilla.org': Reading manifest: Invalid extension permission: telemetry
1595232435742	addons.webextension.screenshots@mozilla.org	WARN	Loading extension 'screenshots@mozilla.org': Reading manifest: Invalid extension permission: resource://pdf.js/
1595232435742	addons.webextension.screenshots@mozilla.org	WARN	Loading extension 'screenshots@mozilla.org': Reading manifest: Invalid extension permission: about:reader*
1595232437491	Marionette	INFO	Listening on port 37057
1595232437529	Marionette	WARN	TLS certificate errors will be ignored for this session
1595232537930	Marionette	INFO	Stopped listening on port 37057
[Parent 240889, Gecko_IOThread] WARNING: pipe error (75): Connection reset by peer: file /build/firefox/src/firefox-70.0.1/ipc/chromium/src/chrome/common/ipc_channel_posix.cc, line 358
1595232539427	mozrunner::runner	INFO	Running command: "/usr/bin/firefox" "-marionette" "-foreground" "-no-remote" "-profile" "/tmp/rust_mozprofilenY1WXl"
1595232539780	addons.webextension.screenshots@mozilla.org	WARN	Loading extension 'screenshots@mozilla.org': Reading manifest: Invalid extension permission: mozillaAddons
1595232539780	addons.webextension.screenshots@mozilla.org	WARN	Loading extension 'screenshots@mozilla.org': Reading manifest: Invalid extension permission: telemetry
1595232539780	addons.webextension.screenshots@mozilla.org	WARN	Loading extension 'screenshots@mozilla.org': Reading manifest: Invalid extension permission: resource://pdf.js/
1595232539780	addons.webextension.screenshots@mozilla.org	WARN	Loading extension 'screenshots@mozilla.org': Reading manifest: Invalid extension permission: about:reader*
1595232542047	Marionette	INFO	Listening on port 37915
1595232542142	Marionette	WARN	TLS certificate errors will be ignored for this session
1595232642765	Marionette	INFO	Stopped listening on port 37915
[Parent 241669, Gecko_IOThread] WARNING: pipe error (86): Connection reset by peer: file /build/firefox/src/firefox-70.0.1/ipc/chromium/src/chrome/common/ipc_channel_posix.cc, line 358
1595232646664	mozrunner::runner	INFO	Running command: "/usr/bin/firefox" "-marionette" "-foreground" "-no-remote" "-profile" "/tmp/rust_mozprofileWDKJrv"
1595232646972	addons.webextension.screenshots@mozilla.org	WARN	Loading extension 'screenshots@mozilla.org': Reading manifest: Invalid extension permission: mozillaAddons
1595232646972	addons.webextension.screenshots@mozilla.org	WARN	Loading extension 'screenshots@mozilla.org': Reading manifest: Invalid extension permission: telemetry
1595232646972	addons.webextension.screenshots@mozilla.org	WARN	Loading extension 'screenshots@mozilla.org': Reading manifest: Invalid extension permission: resource://pdf.js/
1595232646972	addons.webextension.screenshots@mozilla.org	WARN	Loading extension 'screenshots@mozilla.org': Reading manifest: Invalid extension permission: about:reader*
1595232648513	Marionette	INFO	Listening on port 35669
1595232648605	Marionette	WARN	TLS certificate errors will be ignored for this session
1595232749812	Marionette	INFO	Stopped listening on port 35669
[Parent 243588, Gecko_IOThread] WARNING: pipe error (78): Connection reset by peer: file /build/firefox/src/firefox-70.0.1/ipc/chromium/src/chrome/common/ipc_channel_posix.cc, line 358
1595232757107	mozrunner::runner	INFO	Running command: "/usr/bin/firefox" "-marionette" "-foreground" "-no-remote" "-profile" "/tmp/rust_mozprofileSl2yYW"
1595232757404	addons.webextension.screenshots@mozilla.org	WARN	Loading extension 'screenshots@mozilla.org': Reading manifest: Invalid extension permission: mozillaAddons
1595232757404	addons.webextension.screenshots@mozilla.org	WARN	Loading extension 'screenshots@mozilla.org': Reading manifest: Invalid extension permission: telemetry
1595232757404	addons.webextension.screenshots@mozilla.org	WARN	Loading extension 'screenshots@mozilla.org': Reading manifest: Invalid extension permission: resource://pdf.js/
1595232757404	addons.webextension.screenshots@mozilla.org	WARN	Loading extension 'screenshots@mozilla.org': Reading manifest: Invalid extension permission: about:reader*
1595232758718	Marionette	INFO	Listening on port 41009
1595232758816	Marionette	WARN	TLS certificate errors will be ignored for this session
1595232859935	Marionette	INFO	Stopped listening on port 41009
1595232862543	mozrunner::runner	INFO	Running command: "/usr/bin/firefox" "-marionette" "-foreground" "-no-remote" "-profile" "/tmp/rust_mozprofiledL3RGV"
1595232862845	addons.webextension.screenshots@mozilla.org	WARN	Loading extension 'screenshots@mozilla.org': Reading manifest: Invalid extension permission: mozillaAddons
1595232862845	addons.webextension.screenshots@mozilla.org	WARN	Loading extension 'screenshots@mozilla.org': Reading manifest: Invalid extension permission: telemetry
1595232862845	addons.webextension.screenshots@mozilla.org	WARN	Loading extension 'screenshots@mozilla.org': Reading manifest: Invalid extension permission: resource://pdf.js/
1595232862845	addons.webextension.screenshots@mozilla.org	WARN	Loading extension 'screenshots@mozilla.org': Reading manifest: Invalid extension permission: about:reader*
1595232864446	Marionette	INFO	Listening on port 35093
1595232864549	Marionette	WARN	TLS certificate errors will be ignored for this session
1595232965252	Marionette	INFO	Stopped listening on port 35093
[Parent 245438, Gecko_IOThread] WARNING: pipe error: Broken pipe: file /build/firefox/src/firefox-70.0.1/ipc/chromium/src/chrome/common/ipc_channel_posix.cc, line 728
IPDL protocol error: Handler returned error code!

###!!! [Parent][DispatchAsyncMessage] Error: PLayerTransaction::Msg_ReleaseLayer Processing error: message was deserialized, but the handler returned false (indicating failure)

IPDL protocol error: Handler returned error code!

###!!! [Parent][DispatchAsyncMessage] Error: PLayerTransaction::Msg_ReleaseLayer Processing error: message was deserialized, but the handler returned false (indicating failure)

IPDL protocol error: Handler returned error code!

###!!! [Parent][DispatchAsyncMessage] Error: PLayerTransaction::Msg_ReleaseLayer Processing error: message was deserialized, but the handler returned false (indicating failure)

1595245967048	mozrunner::runner	INFO	Running command: "/usr/bin/firefox" "-marionette" "-foreground" "-no-remote" "-profile" "/tmp/rust_mozprofileBh6cRW"
1595245967342	addons.webextension.screenshots@mozilla.org	WARN	Loading extension 'screenshots@mozilla.org': Reading manifest: Invalid extension permission: mozillaAddons
1595245967342	addons.webextension.screenshots@mozilla.org	WARN	Loading extension 'screenshots@mozilla.org': Reading manifest: Invalid extension permission: telemetry
1595245967342	addons.webextension.screenshots@mozilla.org	WARN	Loading extension 'screenshots@mozilla.org': Reading manifest: Invalid extension permission: resource://pdf.js/
1595245967342	addons.webextension.screenshots@mozilla.org	WARN	Loading extension 'screenshots@mozilla.org': Reading manifest: Invalid extension permission: about:reader*
1595245968876	Marionette	INFO	Listening on port 35457
1595245968961	Marionette	WARN	TLS certificate errors will be ignored for this session
[Parent 335017, Gecko_IOThread] WARNING: pipe error (86): Connection reset by peer: file /build/firefox/src/firefox-70.0.1/ipc/chromium/src/chrome/common/ipc_channel_posix.cc, line 358
[Parent 335017, Gecko_IOThread] WARNING: pipe error (78): Connection reset by peer: file /build/firefox/src/firefox-70.0.1/ipc/chromium/src/chrome/common/ipc_channel_posix.cc, line 358
[Parent 335017, Gecko_IOThread] WARNING: pipe error (134): Connection reset by peer: file /build/firefox/src/firefox-70.0.1/ipc/chromium/src/chrome/common/ipc_channel_posix.cc, line 358
1595246653535	Marionette	INFO	Stopped listening on port 35457
1595246673640	mozrunner::runner	INFO	Running command: "/usr/bin/firefox" "-marionette" "-foreground" "-no-remote" "-profile" "/tmp/rust_mozprofileoRdNoZ"
1595246674123	addons.webextension.screenshots@mozilla.org	WARN	Loading extension 'screenshots@mozilla.org': Reading manifest: Invalid extension permission: mozillaAddons
1595246674123	addons.webextension.screenshots@mozilla.org	WARN	Loading extension 'screenshots@mozilla.org': Reading manifest: Invalid extension permission: telemetry
1595246674123	addons.webextension.screenshots@mozilla.org	WARN	Loading extension 'screenshots@mozilla.org': Reading manifest: Invalid extension permission: resource://pdf.js/
1595246674123	addons.webextension.screenshots@mozilla.org	WARN	Loading extension 'screenshots@mozilla.org': Reading manifest: Invalid extension permission: about:reader*
1595246675643	Marionette	INFO	Listening on port 38851
1595246675710	Marionette	WARN	TLS certificate errors will be ignored for this session

###!!! [Child][RunMessage] Error: Channel closing: too late to send/recv, messages will be lost


###!!! [Child][RunMessage] Error: Channel closing: too late to send/recv, messages will be lost

[Parent 340385, Gecko_IOThread] WARNING: pipe error (78): Connection reset by peer: file /build/firefox/src/firefox-70.0.1/ipc/chromium/src/chrome/common/ipc_channel_posix.cc, line 358
[Parent 340385, Gecko_IOThread] WARNING: pipe error (86): Connection reset by peer: file /build/firefox/src/firefox-70.0.1/ipc/chromium/src/chrome/common/ipc_channel_posix.cc, line 358
1595246814426	Marionette	INFO	Stopped listening on port 38851
1595246824548	mozrunner::runner	INFO	Running command: "/usr/bin/firefox" "-marionette" "-foreground" "-no-remote" "-profile" "/tmp/rust_mozprofileh0X4aU"
1595246824847	addons.webextension.screenshots@mozilla.org	WARN	Loading extension 'screenshots@mozilla.org': Reading manifest: Invalid extension permission: mozillaAddons
1595246824847	addons.webextension.screenshots@mozilla.org	WARN	Loading extension 'screenshots@mozilla.org': Reading manifest: Invalid extension permission: telemetry
1595246824848	addons.webextension.screenshots@mozilla.org	WARN	Loading extension 'screenshots@mozilla.org': Reading manifest: Invalid extension permission: resource://pdf.js/
1595246824848	addons.webextension.screenshots@mozilla.org	WARN	Loading extension 'screenshots@mozilla.org': Reading manifest: Invalid extension permission: about:reader*
1595246826145	Marionette	INFO	Listening on port 38681
1595246826162	Marionette	WARN	TLS certificate errors will be ignored for this session
1595246849656	Marionette	WARN	TimedPromise timed out after 0 ms: stacktrace:
bail@chrome://marionette/content/sync.js:237:64
1595246849658	Marionette	WARN	TimedPromise timed out after 0 ms: stacktrace:
bail@chrome://marionette/content/sync.js:237:64
1595247128713	mozrunner::runner	INFO	Running command: "/usr/bin/firefox" "-marionette" "-foreground" "-no-remote" "-profile" "/tmp/rust_mozprofilee37WRJ"
1595247129015	addons.webextension.screenshots@mozilla.org	WARN	Loading extension 'screenshots@mozilla.org': Reading manifest: Invalid extension permission: mozillaAddons
1595247129016	addons.webextension.screenshots@mozilla.org	WARN	Loading extension 'screenshots@mozilla.org': Reading manifest: Invalid extension permission: telemetry
1595247129016	addons.webextension.screenshots@mozilla.org	WARN	Loading extension 'screenshots@mozilla.org': Reading manifest: Invalid extension permission: resource://pdf.js/
1595247129016	addons.webextension.screenshots@mozilla.org	WARN	Loading extension 'screenshots@mozilla.org': Reading manifest: Invalid extension permission: about:reader*
1595247130417	Marionette	INFO	Listening on port 43313
1595247130437	Marionette	WARN	TLS certificate errors will be ignored for this session
1595247155039	Marionette	WARN	TimedPromise timed out after 0 ms: stacktrace:
bail@chrome://marionette/content/sync.js:237:64
1595247155041	Marionette	WARN	TimedPromise timed out after 0 ms: stacktrace:
bail@chrome://marionette/content/sync.js:237:64
Exiting due to channel error.
[GFX1-]: Receive IPC close with reason=AbnormalShutdown
[Child 343967, Chrome_ChildThread] WARNING: pipe error (3): Connection reset by peer: file /build/firefox/src/firefox-70.0.1/ipc/chromium/src/chrome/common/ipc_channel_posix.cc, line 358
Exiting due to channel error.
Exiting due to channel error.
1595248221417	mozrunner::runner	INFO	Running command: "/usr/bin/firefox" "-marionette" "-foreground" "-no-remote" "-profile" "/tmp/rust_mozprofileuf3eq4"
1595248221729	addons.webextension.screenshots@mozilla.org	WARN	Loading extension 'screenshots@mozilla.org': Reading manifest: Invalid extension permission: mozillaAddons
1595248221729	addons.webextension.screenshots@mozilla.org	WARN	Loading extension 'screenshots@mozilla.org': Reading manifest: Invalid extension permission: telemetry
1595248221729	addons.webextension.screenshots@mozilla.org	WARN	Loading extension 'screenshots@mozilla.org': Reading manifest: Invalid extension permission: resource://pdf.js/
1595248221729	addons.webextension.screenshots@mozilla.org	WARN	Loading extension 'screenshots@mozilla.org': Reading manifest: Invalid extension permission: about:reader*
1595248223383	Marionette	INFO	Listening on port 43999
1595248223434	Marionette	WARN	TLS certificate errors will be ignored for this session
1595248247521	Marionette	WARN	TimedPromise timed out after 0 ms: stacktrace:
bail@chrome://marionette/content/sync.js:237:64
1595248247524	Marionette	WARN	TimedPromise timed out after 0 ms: stacktrace:
bail@chrome://marionette/content/sync.js:237:64
1595248288521	Marionette	INFO	Stopped listening on port 43999
[Parent 351444, Gecko_IOThread] WARNING: pipe error (78): Connection reset by peer: file /build/firefox/src/firefox-70.0.1/ipc/chromium/src/chrome/common/ipc_channel_posix.cc, line 358
[Parent 351444, Gecko_IOThread] WARNING: pipe error (135): Connection reset by peer: file /build/firefox/src/firefox-70.0.1/ipc/chromium/src/chrome/common/ipc_channel_posix.cc, line 358
[Parent 341551, Gecko_IOThread] WARNING: pipe error (78): Connection reset by peer: file /build/firefox/src/firefox-70.0.1/ipc/chromium/src/chrome/common/ipc_channel_posix.cc, line 358
1595248367291	Marionette	INFO	Stopped listening on port 38681
1595249408556	mozrunner::runner	INFO	Running command: "/usr/bin/firefox" "-marionette" "-foreground" "-no-remote" "-profile" "/tmp/rust_mozprofileG2Y7vs"
1595249408857	addons.webextension.screenshots@mozilla.org	WARN	Loading extension 'screenshots@mozilla.org': Reading manifest: Invalid extension permission: mozillaAddons
1595249408857	addons.webextension.screenshots@mozilla.org	WARN	Loading extension 'screenshots@mozilla.org': Reading manifest: Invalid extension permission: telemetry
1595249408857	addons.webextension.screenshots@mozilla.org	WARN	Loading extension 'screenshots@mozilla.org': Reading manifest: Invalid extension permission: resource://pdf.js/
1595249408858	addons.webextension.screenshots@mozilla.org	WARN	Loading extension 'screenshots@mozilla.org': Reading manifest: Invalid extension permission: about:reader*
1595249410191	Marionette	INFO	Listening on port 46229
1595249410263	Marionette	WARN	TLS certificate errors will be ignored for this session
[Parent 360014, Gecko_IOThread] WARNING: pipe error (78): Connection reset by peer: file /build/firefox/src/firefox-70.0.1/ipc/chromium/src/chrome/common/ipc_channel_posix.cc, line 358
1595249574363	Marionette	INFO	Stopped listening on port 46229
1595249584923	mozrunner::runner	INFO	Running command: "/usr/bin/firefox" "-marionette" "-foreground" "-no-remote" "-profile" "/tmp/rust_mozprofileZjGqKb"
1595249585255	addons.webextension.screenshots@mozilla.org	WARN	Loading extension 'screenshots@mozilla.org': Reading manifest: Invalid extension permission: mozillaAddons
1595249585255	addons.webextension.screenshots@mozilla.org	WARN	Loading extension 'screenshots@mozilla.org': Reading manifest: Invalid extension permission: telemetry
1595249585255	addons.webextension.screenshots@mozilla.org	WARN	Loading extension 'screenshots@mozilla.org': Reading manifest: Invalid extension permission: resource://pdf.js/
1595249585255	addons.webextension.screenshots@mozilla.org	WARN	Loading extension 'screenshots@mozilla.org': Reading manifest: Invalid extension permission: about:reader*
1595249586636	Marionette	INFO	Listening on port 35387
1595249586780	Marionette	WARN	TLS certificate errors will be ignored for this session

###!!! [Child][RunMessage] Error: Channel closing: too late to send/recv, messages will be lost


###!!! [Child][RunMessage] Error: Channel closing: too late to send/recv, messages will be lost

[Parent 361693, Gecko_IOThread] WARNING: pipe error (134): Connection reset by peer: file /build/firefox/src/firefox-70.0.1/ipc/chromium/src/chrome/common/ipc_channel_posix.cc, line 358
1595249643386	Marionette	INFO	Stopped listening on port 35387
1595249645786	mozrunner::runner	INFO	Running command: "/usr/bin/firefox" "-marionette" "-foreground" "-no-remote" "-profile" "/tmp/rust_mozprofileKVlraF"
1595249646091	addons.webextension.screenshots@mozilla.org	WARN	Loading extension 'screenshots@mozilla.org': Reading manifest: Invalid extension permission: mozillaAddons
1595249646091	addons.webextension.screenshots@mozilla.org	WARN	Loading extension 'screenshots@mozilla.org': Reading manifest: Invalid extension permission: telemetry
1595249646091	addons.webextension.screenshots@mozilla.org	WARN	Loading extension 'screenshots@mozilla.org': Reading manifest: Invalid extension permission: resource://pdf.js/
1595249646091	addons.webextension.screenshots@mozilla.org	WARN	Loading extension 'screenshots@mozilla.org': Reading manifest: Invalid extension permission: about:reader*
1595249647688	Marionette	INFO	Listening on port 33011
1595249647701	Marionette	WARN	TLS certificate errors will be ignored for this session
1595249669373	Marionette	INFO	Stopped listening on port 33011
1595249728038	mozrunner::runner	INFO	Running command: "/usr/bin/firefox" "-marionette" "-foreground" "-no-remote" "-profile" "/tmp/rust_mozprofileGg7LTb"
1595249728339	addons.webextension.screenshots@mozilla.org	WARN	Loading extension 'screenshots@mozilla.org': Reading manifest: Invalid extension permission: mozillaAddons
1595249728339	addons.webextension.screenshots@mozilla.org	WARN	Loading extension 'screenshots@mozilla.org': Reading manifest: Invalid extension permission: telemetry
1595249728339	addons.webextension.screenshots@mozilla.org	WARN	Loading extension 'screenshots@mozilla.org': Reading manifest: Invalid extension permission: resource://pdf.js/
1595249728339	addons.webextension.screenshots@mozilla.org	WARN	Loading extension 'screenshots@mozilla.org': Reading manifest: Invalid extension permission: about:reader*
1595249729676	Marionette	INFO	Listening on port 42795
1595249729747	Marionette	WARN	TLS certificate errors will be ignored for this session
1595249751157	Marionette	INFO	Stopped listening on port 42795
1595251600013	mozrunner::runner	INFO	Running command: "/usr/bin/firefox" "-marionette" "-foreground" "-no-remote" "-profile" "/tmp/rust_mozprofileFHzW5t"
1595251600492	addons.webextension.screenshots@mozilla.org	WARN	Loading extension 'screenshots@mozilla.org': Reading manifest: Invalid extension permission: mozillaAddons
1595251600494	addons.webextension.screenshots@mozilla.org	WARN	Loading extension 'screenshots@mozilla.org': Reading manifest: Invalid extension permission: telemetry
1595251600495	addons.webextension.screenshots@mozilla.org	WARN	Loading extension 'screenshots@mozilla.org': Reading manifest: Invalid extension permission: resource://pdf.js/
1595251600496	addons.webextension.screenshots@mozilla.org	WARN	Loading extension 'screenshots@mozilla.org': Reading manifest: Invalid extension permission: about:reader*
1595251602019	Marionette	INFO	Listening on port 41193
1595251602032	Marionette	WARN	TLS certificate errors will be ignored for this session
[Parent 377424, Gecko_IOThread] WARNING: pipe error (124): Connection reset by peer: file /build/firefox/src/firefox-70.0.1/ipc/chromium/src/chrome/common/ipc_channel_posix.cc, line 358
1595251710597	Marionette	INFO	Stopped listening on port 41193
1595252082377	mozrunner::runner	INFO	Running command: "/usr/bin/firefox" "-marionette" "-foreground" "-no-remote" "-profile" "/tmp/rust_mozprofilegJJKXw"
1595252082655	addons.webextension.screenshots@mozilla.org	WARN	Loading extension 'screenshots@mozilla.org': Reading manifest: Invalid extension permission: mozillaAddons
1595252082655	addons.webextension.screenshots@mozilla.org	WARN	Loading extension 'screenshots@mozilla.org': Reading manifest: Invalid extension permission: telemetry
1595252082656	addons.webextension.screenshots@mozilla.org	WARN	Loading extension 'screenshots@mozilla.org': Reading manifest: Invalid extension permission: resource://pdf.js/
1595252082656	addons.webextension.screenshots@mozilla.org	WARN	Loading extension 'screenshots@mozilla.org': Reading manifest: Invalid extension permission: about:reader*
1595252083899	Marionette	INFO	Listening on port 44121
1595252083985	Marionette	WARN	TLS certificate errors will be ignored for this session
1595252185226	mozrunner::runner	INFO	Running command: "/usr/bin/firefox" "-marionette" "-foreground" "-no-remote" "-profile" "/tmp/rust_mozprofilewrOaYa"
1595252185507	addons.webextension.screenshots@mozilla.org	WARN	Loading extension 'screenshots@mozilla.org': Reading manifest: Invalid extension permission: mozillaAddons
1595252185507	addons.webextension.screenshots@mozilla.org	WARN	Loading extension 'screenshots@mozilla.org': Reading manifest: Invalid extension permission: telemetry
1595252185507	addons.webextension.screenshots@mozilla.org	WARN	Loading extension 'screenshots@mozilla.org': Reading manifest: Invalid extension permission: resource://pdf.js/
1595252185507	addons.webextension.screenshots@mozilla.org	WARN	Loading extension 'screenshots@mozilla.org': Reading manifest: Invalid extension permission: about:reader*
1595252186731	Marionette	INFO	Listening on port 39337
1595252186835	Marionette	WARN	TLS certificate errors will be ignored for this session
1595252210950	Marionette	WARN	TimedPromise timed out after 0 ms: stacktrace:
bail@chrome://marionette/content/sync.js:237:64
1595252210952	Marionette	WARN	TimedPromise timed out after 0 ms: stacktrace:
bail@chrome://marionette/content/sync.js:237:64
1595252423655	mozrunner::runner	INFO	Running command: "/usr/bin/firefox" "-marionette" "-foreground" "-no-remote" "-profile" "/tmp/rust_mozprofileoFUj7s"
1595252423961	addons.webextension.screenshots@mozilla.org	WARN	Loading extension 'screenshots@mozilla.org': Reading manifest: Invalid extension permission: mozillaAddons
1595252423961	addons.webextension.screenshots@mozilla.org	WARN	Loading extension 'screenshots@mozilla.org': Reading manifest: Invalid extension permission: telemetry
1595252423962	addons.webextension.screenshots@mozilla.org	WARN	Loading extension 'screenshots@mozilla.org': Reading manifest: Invalid extension permission: resource://pdf.js/
1595252423962	addons.webextension.screenshots@mozilla.org	WARN	Loading extension 'screenshots@mozilla.org': Reading manifest: Invalid extension permission: about:reader*
1595252425310	Marionette	INFO	Listening on port 43617
1595252425364	Marionette	WARN	TLS certificate errors will be ignored for this session
1595252454206	Marionette	WARN	TimedPromise timed out after 0 ms: stacktrace:
bail@chrome://marionette/content/sync.js:237:64
1595252454208	Marionette	WARN	TimedPromise timed out after 0 ms: stacktrace:
bail@chrome://marionette/content/sync.js:237:64
1595252489047	Marionette	INFO	Stopped listening on port 43617
[Parent 379950, Gecko_IOThread] WARNING: pipe error (90): Connection reset by peer: file /build/firefox/src/firefox-70.0.1/ipc/chromium/src/chrome/common/ipc_channel_posix.cc, line 358
[Parent 379950, Gecko_IOThread] WARNING: pipe error (135): Connection reset by peer: file /build/firefox/src/firefox-70.0.1/ipc/chromium/src/chrome/common/ipc_channel_posix.cc, line 358
[Parent 379283, Gecko_IOThread] WARNING: pipe error (76): Connection reset by peer: file /build/firefox/src/firefox-70.0.1/ipc/chromium/src/chrome/common/ipc_channel_posix.cc, line 358
[Parent 379283, Gecko_IOThread] WARNING: pipe error (65): Connection reset by peer: file /build/firefox/src/firefox-70.0.1/ipc/chromium/src/chrome/common/ipc_channel_posix.cc, line 358
[Parent 379283, Gecko_IOThread] WARNING: pipe error (78): Connection reset by peer: file /build/firefox/src/firefox-70.0.1/ipc/chromium/src/chrome/common/ipc_channel_posix.cc, line 358
1595252577011	Marionette	INFO	Stopped listening on port 39337
1595252579798	mozrunner::runner	INFO	Running command: "/usr/bin/firefox" "-marionette" "-foreground" "-no-remote" "-profile" "/tmp/rust_mozprofileaoPfwc"
1595252580081	addons.webextension.screenshots@mozilla.org	WARN	Loading extension 'screenshots@mozilla.org': Reading manifest: Invalid extension permission: mozillaAddons
1595252580081	addons.webextension.screenshots@mozilla.org	WARN	Loading extension 'screenshots@mozilla.org': Reading manifest: Invalid extension permission: telemetry
1595252580082	addons.webextension.screenshots@mozilla.org	WARN	Loading extension 'screenshots@mozilla.org': Reading manifest: Invalid extension permission: resource://pdf.js/
1595252580082	addons.webextension.screenshots@mozilla.org	WARN	Loading extension 'screenshots@mozilla.org': Reading manifest: Invalid extension permission: about:reader*
1595252581511	Marionette	INFO	Listening on port 35831
1595252581609	Marionette	WARN	TLS certificate errors will be ignored for this session
Exiting due to channel error.
Exiting due to channel error.
[GFX1-]: Receive IPC close with reason=AbnormalShutdown
Exiting due to channel error.
1595252604385	mozrunner::runner	INFO	Running command: "/usr/bin/firefox" "-marionette" "-foreground" "-no-remote" "-profile" "/tmp/rust_mozprofile02lqRZ"
1595252604663	addons.webextension.screenshots@mozilla.org	WARN	Loading extension 'screenshots@mozilla.org': Reading manifest: Invalid extension permission: mozillaAddons
1595252604663	addons.webextension.screenshots@mozilla.org	WARN	Loading extension 'screenshots@mozilla.org': Reading manifest: Invalid extension permission: telemetry
1595252604663	addons.webextension.screenshots@mozilla.org	WARN	Loading extension 'screenshots@mozilla.org': Reading manifest: Invalid extension permission: resource://pdf.js/
1595252604663	addons.webextension.screenshots@mozilla.org	WARN	Loading extension 'screenshots@mozilla.org': Reading manifest: Invalid extension permission: about:reader*
1595252606016	Marionette	INFO	Listening on port 39917
1595252606091	Marionette	WARN	TLS certificate errors will be ignored for this session
1595252630253	Marionette	WARN	TimedPromise timed out after 0 ms: stacktrace:
bail@chrome://marionette/content/sync.js:237:64
1595252630255	Marionette	WARN	TimedPromise timed out after 0 ms: stacktrace:
bail@chrome://marionette/content/sync.js:237:64
1595252665121	Marionette	INFO	Stopped listening on port 39917

###!!! [Child][RunMessage] Error: Channel closing: too late to send/recv, messages will be lost

[Parent 380769, Gecko_IOThread] WARNING: pipe error (78): Connection reset by peer: file /build/firefox/src/firefox-70.0.1/ipc/chromium/src/chrome/common/ipc_channel_posix.cc, line 358
[Parent 380769, Gecko_IOThread] WARNING: pipe error (90): Connection reset by peer: file /build/firefox/src/firefox-70.0.1/ipc/chromium/src/chrome/common/ipc_channel_posix.cc, line 358
1595252762680	mozrunner::runner	INFO	Running command: "/usr/bin/firefox" "-marionette" "-foreground" "-no-remote" "-profile" "/tmp/rust_mozprofilepzg0Dk"
1595252762957	addons.webextension.screenshots@mozilla.org	WARN	Loading extension 'screenshots@mozilla.org': Reading manifest: Invalid extension permission: mozillaAddons
1595252762958	addons.webextension.screenshots@mozilla.org	WARN	Loading extension 'screenshots@mozilla.org': Reading manifest: Invalid extension permission: telemetry
1595252762958	addons.webextension.screenshots@mozilla.org	WARN	Loading extension 'screenshots@mozilla.org': Reading manifest: Invalid extension permission: resource://pdf.js/
1595252762958	addons.webextension.screenshots@mozilla.org	WARN	Loading extension 'screenshots@mozilla.org': Reading manifest: Invalid extension permission: about:reader*
1595252764188	Marionette	INFO	Listening on port 41039
1595252764287	Marionette	WARN	TLS certificate errors will be ignored for this session
1595252789062	Marionette	WARN	TimedPromise timed out after 0 ms: stacktrace:
bail@chrome://marionette/content/sync.js:237:64
1595252789063	Marionette	WARN	TimedPromise timed out after 0 ms: stacktrace:
bail@chrome://marionette/content/sync.js:237:64
1595252826482	Marionette	WARN	TimedPromise timed out after 0 ms: stacktrace:
bail@chrome://marionette/content/sync.js:237:64
1595252826483	Marionette	WARN	TimedPromise timed out after 0 ms: stacktrace:
bail@chrome://marionette/content/sync.js:237:64
1595252861691	Marionette	INFO	Stopped listening on port 41039
[Parent 381261, Gecko_IOThread] WARNING: pipe error (91): Connection reset by peer: file /build/firefox/src/firefox-70.0.1/ipc/chromium/src/chrome/common/ipc_channel_posix.cc, line 358
[Parent 378891, Gecko_IOThread] WARNING: pipe error (78): Connection reset by peer: file /build/firefox/src/firefox-70.0.1/ipc/chromium/src/chrome/common/ipc_channel_posix.cc, line 358
1595252944188	Marionette	INFO	Stopped listening on port 44121
